<?xml version="1.0" encoding="UTF-8"?>
<robot generator="Robot 7.2.2 (Python 3.13.3 on win32)" generated="2025-05-19T10:48:01.275533" rpa="false" schemaversion="5">
<suite id="s1" name="Test DragDrop" source="C:\Robot_Framework_basics\Robot_framework_demo\Tests\Test_DragDrop.robot">
<test id="s1-t1" name="Verify that the user can drag and drop the elements" line="6">
<kw name="Open the Browser with the URL">
<kw name="Open Browser" owner="SeleniumLibrary">
<msg time="2025-05-19T10:48:01.634240" level="INFO">Opening browser 'firefox' to base url ''.</msg>
<arg>${browser}</arg>
<doc>Opens a new browser instance to the optional ``url``.</doc>
<status status="PASS" start="2025-05-19T10:48:01.633968" elapsed="8.451278"/>
</kw>
<kw name="Go To" owner="SeleniumLibrary">
<msg time="2025-05-19T10:48:10.086707" level="INFO">Opening url 'https://demoqa.com/droppable'</msg>
<arg>url=https://demoqa.com/droppable</arg>
<doc>Navigates the current browser window to the provided ``url``.</doc>
<status status="PASS" start="2025-05-19T10:48:10.086034" elapsed="9.301761"/>
</kw>
<kw name="Maximize Browser Window" owner="SeleniumLibrary">
<doc>Maximizes current browser window.</doc>
<status status="PASS" start="2025-05-19T10:48:19.388337" elapsed="0.015485"/>
</kw>
<kw name="Set Selenium Implicit Wait" owner="SeleniumLibrary">
<arg>5</arg>
<doc>Sets the implicit wait value used by Selenium.</doc>
<status status="PASS" start="2025-05-19T10:48:19.404225" elapsed="0.013511"/>
</kw>
<status status="PASS" start="2025-05-19T10:48:01.633044" elapsed="17.785080"/>
</kw>
<kw name="Verify the element text before drag">
<kw name="Element Text Should Be" owner="SeleniumLibrary">
<msg time="2025-05-19T10:48:19.420949" level="INFO">Verifying element 'id=droppable' contains exact text 'Drop here'.</msg>
<arg>id=droppable</arg>
<arg>Drop here</arg>
<arg>timeout=5</arg>
<doc>Verifies that element ``locator`` contains exact the text ``expected``.</doc>
<status status="PASS" start="2025-05-19T10:48:19.419944" elapsed="0.079521"/>
</kw>
<status status="PASS" start="2025-05-19T10:48:19.419112" elapsed="0.080860"/>
</kw>
<kw name=" Drag And Drop the element">
<kw name="Drag And Drop" owner="SeleniumLibrary">
<arg>id:draggable</arg>
<arg>id:droppable</arg>
<doc>Drags the element identified by ``locator`` into the ``target`` element.</doc>
<status status="PASS" start="2025-05-19T10:48:19.501403" elapsed="1.080602"/>
</kw>
<status status="PASS" start="2025-05-19T10:48:19.500862" elapsed="1.081310"/>
</kw>
<kw name=" Verify the element text before drop">
<kw name="Element Text Should Be" owner="SeleniumLibrary">
<msg time="2025-05-19T10:48:20.583519" level="INFO">Verifying element 'id=droppable' contains exact text 'Dropped!'.</msg>
<arg>id=droppable</arg>
<arg>Dropped!</arg>
<arg>timeout=5</arg>
<doc>Verifies that element ``locator`` contains exact the text ``expected``.</doc>
<status status="PASS" start="2025-05-19T10:48:20.583174" elapsed="0.028943"/>
</kw>
<status status="PASS" start="2025-05-19T10:48:20.582703" elapsed="0.029584"/>
</kw>
<kw name="Close Browser" owner="SeleniumLibrary" type="TEARDOWN">
<doc>Closes the current browser.</doc>
<status status="PASS" start="2025-05-19T10:48:20.612737" elapsed="3.733488"/>
</kw>
<status status="PASS" start="2025-05-19T10:48:01.631780" elapsed="22.715317"/>
</test>
<status status="PASS" start="2025-05-19T10:48:01.277628" elapsed="23.073370"/>
</suite>
<statistics>
<total>
<stat pass="1" fail="0" skip="0">All Tests</stat>
</total>
<tag>
</tag>
<suite>
<stat name="Test DragDrop" id="s1" pass="1" fail="0" skip="0">Test DragDrop</stat>
</suite>
</statistics>
<errors>
</errors>
</robot>
