<?xml version="1.0" encoding="UTF-8"?>
<robot generator="Robot 7.2.2 (Python 3.13.3 on win32)" generated="2025-05-19T14:09:35.830502" rpa="false" schemaversion="5">
<suite id="s1" name="LoginPageTest" source="C:\Robot_Framework_basics\Page_Object_Model_RF\Testcases\LoginPageTest.robot">
<test id="s1-t1" name="Validate successful login" line="22">
<kw name="Open the Browser with the URL" owner="GenericResources" type="SETUP">
<kw name="Open Browser" owner="SeleniumLibrary">
<msg time="2025-05-19T14:09:36.570122" level="INFO">Opening browser 'chrome' to base url 'https://opensource-demo.orangehrmlive.com/web/index.php/auth/login'.</msg>
<arg>${url}</arg>
<arg>${browser_name}</arg>
<doc>Opens a new browser instance to the optional ``url``.</doc>
<status status="PASS" start="2025-05-19T14:09:36.569455" elapsed="11.397601"/>
</kw>
<kw name="Maximize Browser Window" owner="SeleniumLibrary">
<doc>Maximizes current browser window.</doc>
<status status="PASS" start="2025-05-19T14:09:47.967538" elapsed="1.965304"/>
</kw>
<kw name="Set Selenium Implicit Wait" owner="SeleniumLibrary">
<arg>5</arg>
<doc>Sets the implicit wait value used by Selenium.</doc>
<status status="PASS" start="2025-05-19T14:09:49.933316" elapsed="0.216568"/>
</kw>
<status status="PASS" start="2025-05-19T14:09:36.567502" elapsed="13.582786"/>
</kw>
<kw name="Fill the login form" owner="LoginResources">
<kw name="Input Text" owner="SeleniumLibrary">
<msg time="2025-05-19T14:09:50.153464" level="INFO">Typing text 'Admin' into text field 'css:input[name=username]'.</msg>
<arg>css:input[name=username]</arg>
<arg>${username}</arg>
<doc>Types the given ``text`` into the text field identified by ``locator``.</doc>
<status status="PASS" start="2025-05-19T14:09:50.152234" elapsed="2.794972"/>
</kw>
<kw name="Input Password" owner="SeleniumLibrary">
<msg time="2025-05-19T14:09:52.948436" level="INFO">Typing password into text field 'css:input[name=password]'.</msg>
<msg time="2025-05-19T14:09:53.044555" level="INFO">Temporally setting log level to: NONE</msg>
<arg>css:input[name=password]</arg>
<arg>${password}</arg>
<doc>Types the given password into the text field identified by ``locator``.</doc>
<status status="PASS" start="2025-05-19T14:09:52.947664" elapsed="0.251339"/>
</kw>
<kw name="Sleep" owner="BuiltIn">
<msg time="2025-05-19T14:09:58.200674" level="INFO">Slept 5 seconds.</msg>
<arg>5</arg>
<doc>Pauses the test executed for the given time.</doc>
<status status="PASS" start="2025-05-19T14:09:53.199458" elapsed="5.001441"/>
</kw>
<kw name="Click Button" owner="SeleniumLibrary">
<msg time="2025-05-19T14:09:58.201811" level="INFO">Clicking button 'css:.orangehrm-login-button'.</msg>
<arg>css:.orangehrm-login-button</arg>
<doc>Clicks the button identified by ``locator``.</doc>
<status status="PASS" start="2025-05-19T14:09:58.201274" elapsed="1.476727"/>
</kw>
<arg>${valid_uname}</arg>
<arg>${valid_pass}</arg>
<status status="PASS" start="2025-05-19T14:09:50.150889" elapsed="9.527433"/>
</kw>
<kw name="verify Dashboard page opens" owner="DashboardResources">
<kw name="Element Text Should Be" owner="SeleniumLibrary">
<msg time="2025-05-19T14:09:59.680347" level="INFO">Verifying element 'xpath://span[@class="oxd-topbar-header-breadcrumb"]' contains exact text 'Dashboard'.</msg>
<arg>${dashboard_title}</arg>
<arg>Dashboard</arg>
<doc>Verifies that element ``locator`` contains exact the text ``expected``.</doc>
<status status="PASS" start="2025-05-19T14:09:59.679667" elapsed="2.559373"/>
</kw>
<status status="PASS" start="2025-05-19T14:09:59.678839" elapsed="2.560486"/>
</kw>
<kw name="Close Browser Session" owner="GenericResources" type="TEARDOWN">
<kw name="Close Browser" owner="SeleniumLibrary">
<doc>Closes the current browser.</doc>
<status status="PASS" start="2025-05-19T14:10:02.240649" elapsed="3.006294"/>
</kw>
<status status="PASS" start="2025-05-19T14:10:02.239941" elapsed="3.007971"/>
</kw>
<status status="PASS" start="2025-05-19T14:09:36.565375" elapsed="28.683217"/>
</test>
<status status="PASS" start="2025-05-19T14:09:35.878067" elapsed="29.375300"/>
</suite>
<statistics>
<total>
<stat pass="1" fail="0" skip="0">All Tests</stat>
</total>
<tag>
</tag>
<suite>
<stat name="LoginPageTest" id="s1" pass="1" fail="0" skip="0">LoginPageTest</stat>
</suite>
</statistics>
<errors>
</errors>
</robot>
