<?xml version="1.0" encoding="UTF-8"?>
<robot generator="Rebot 7.2.2 (Python 3.13.3 on win32)" generated="2025-05-19T14:10:12.179991" rpa="false" schemaversion="5">
<suite id="s1" name="LoginPageTest" source="C:\Robot_Framework_basics\Page_Object_Model_RF\Testcases\LoginPageTest.robot">
<test id="s1-t1" name="Validate Unsuccessful login using valid credentials" line="10">
<kw name="Open the Browser with the URL" owner="GenericResources" type="SETUP">
<kw name="Open Browser" owner="SeleniumLibrary">
<msg time="2025-05-19T14:09:36.577867" level="INFO">Opening browser 'chrome' to base url 'https://opensource-demo.orangehrmlive.com/web/index.php/auth/login'.</msg>
<arg>${url}</arg>
<arg>${browser_name}</arg>
<doc>Opens a new browser instance to the optional ``url``.</doc>
<status status="PASS" start="2025-05-19T14:09:36.577179" elapsed="11.417024"/>
</kw>
<kw name="Maximize Browser Window" owner="SeleniumLibrary">
<doc>Maximizes current browser window.</doc>
<status status="PASS" start="2025-05-19T14:09:47.994833" elapsed="0.975689"/>
</kw>
<kw name="Set Selenium Implicit Wait" owner="SeleniumLibrary">
<arg>5</arg>
<doc>Sets the implicit wait value used by Selenium.</doc>
<status status="PASS" start="2025-05-19T14:09:48.970957" elapsed="0.003184"/>
</kw>
<status status="PASS" start="2025-05-19T14:09:36.575203" elapsed="12.399272"/>
</kw>
<kw name="Fill the login form" owner="LoginResources">
<kw name="Input Text" owner="SeleniumLibrary">
<msg time="2025-05-19T14:09:48.977503" level="INFO">Typing text 'Admin' into text field 'css:input[name=username]'.</msg>
<arg>css:input[name=username]</arg>
<arg>${username}</arg>
<doc>Types the given ``text`` into the text field identified by ``locator``.</doc>
<status status="PASS" start="2025-05-19T14:09:48.976369" elapsed="1.871478"/>
</kw>
<kw name="Input Password" owner="SeleniumLibrary">
<msg time="2025-05-19T14:09:50.849227" level="INFO">Typing password into text field 'css:input[name=password]'.</msg>
<msg time="2025-05-19T14:09:50.911481" level="INFO">Temporally setting log level to: NONE</msg>
<arg>css:input[name=password]</arg>
<arg>${password}</arg>
<doc>Types the given password into the text field identified by ``locator``.</doc>
<status status="PASS" start="2025-05-19T14:09:50.848318" elapsed="0.533150"/>
</kw>
<kw name="Sleep" owner="BuiltIn">
<msg time="2025-05-19T14:09:56.383389" level="INFO">Slept 5 seconds.</msg>
<arg>5</arg>
<doc>Pauses the test executed for the given time.</doc>
<status status="PASS" start="2025-05-19T14:09:51.381860" elapsed="5.001772"/>
</kw>
<kw name="Click Button" owner="SeleniumLibrary">
<msg time="2025-05-19T14:09:56.384375" level="INFO">Clicking button 'css:.orangehrm-login-button'.</msg>
<arg>css:.orangehrm-login-button</arg>
<doc>Clicks the button identified by ``locator``.</doc>
<status status="PASS" start="2025-05-19T14:09:56.383967" elapsed="1.460289"/>
</kw>
<arg>${valid_uname}</arg>
<arg>${invalid_pass}</arg>
<status status="PASS" start="2025-05-19T14:09:48.975049" elapsed="8.870498"/>
</kw>
<kw name="Verify the error msg is correct" owner="LoginResources">
<kw name="Element Text Should Be" owner="SeleniumLibrary">
<msg time="2025-05-19T14:09:57.848097" level="INFO">Verifying element 'xpath://p[@class="oxd-text oxd-text--p oxd-alert-content-text"]' contains exact text 'Invalid credentials'.</msg>
<arg>${login_error_msg}</arg>
<arg>Invalid credentials</arg>
<doc>Verifies that element ``locator`` contains exact the text ``expected``.</doc>
<status status="PASS" start="2025-05-19T14:09:57.847422" elapsed="1.210972"/>
</kw>
<status status="PASS" start="2025-05-19T14:09:57.846582" elapsed="1.212086"/>
</kw>
<kw name="Close Browser Session" owner="GenericResources" type="TEARDOWN">
<kw name="Close Browser" owner="SeleniumLibrary">
<doc>Closes the current browser.</doc>
<status status="PASS" start="2025-05-19T14:09:59.060024" elapsed="6.209847"/>
</kw>
<status status="PASS" start="2025-05-19T14:09:59.059235" elapsed="6.211260"/>
</kw>
<status status="PASS" start="2025-05-19T14:09:36.573125" elapsed="28.697594"/>
</test>
<test id="s1-t2" name="Validate Unsuccessful login for blank username" line="14">
<kw name="Open the Browser with the URL" owner="GenericResources" type="SETUP">
<kw name="Open Browser" owner="SeleniumLibrary">
<msg time="2025-05-19T14:09:36.521636" level="INFO">Opening browser 'chrome' to base url 'https://opensource-demo.orangehrmlive.com/web/index.php/auth/login'.</msg>
<arg>${url}</arg>
<arg>${browser_name}</arg>
<doc>Opens a new browser instance to the optional ``url``.</doc>
<status status="PASS" start="2025-05-19T14:09:36.497885" elapsed="7.481701"/>
</kw>
<kw name="Maximize Browser Window" owner="SeleniumLibrary">
<doc>Maximizes current browser window.</doc>
<status status="PASS" start="2025-05-19T14:09:43.980607" elapsed="5.064824"/>
</kw>
<kw name="Set Selenium Implicit Wait" owner="SeleniumLibrary">
<arg>5</arg>
<doc>Sets the implicit wait value used by Selenium.</doc>
<status status="PASS" start="2025-05-19T14:09:49.045836" elapsed="0.060183"/>
</kw>
<status status="PASS" start="2025-05-19T14:09:36.496204" elapsed="12.610224"/>
</kw>
<kw name="Fill the login form" owner="LoginResources">
<kw name="Input Text" owner="SeleniumLibrary">
<msg time="2025-05-19T14:09:49.110170" level="INFO">Typing text '' into text field 'css:input[name=username]'.</msg>
<arg>css:input[name=username]</arg>
<arg>${username}</arg>
<doc>Types the given ``text`` into the text field identified by ``locator``.</doc>
<status status="PASS" start="2025-05-19T14:09:49.108780" elapsed="3.497654"/>
</kw>
<kw name="Input Password" owner="SeleniumLibrary">
<msg time="2025-05-19T14:09:52.611271" level="INFO">Typing password into text field 'css:input[name=password]'.</msg>
<msg time="2025-05-19T14:09:53.123819" level="INFO">Temporally setting log level to: NONE</msg>
<arg>css:input[name=password]</arg>
<arg>${password}</arg>
<doc>Types the given password into the text field identified by ``locator``.</doc>
<status status="PASS" start="2025-05-19T14:09:52.608371" elapsed="0.716517"/>
</kw>
<kw name="Sleep" owner="BuiltIn">
<msg time="2025-05-19T14:09:58.326466" level="INFO">Slept 5 seconds.</msg>
<arg>5</arg>
<doc>Pauses the test executed for the given time.</doc>
<status status="PASS" start="2025-05-19T14:09:53.325240" elapsed="5.001464"/>
</kw>
<kw name="Click Button" owner="SeleniumLibrary">
<msg time="2025-05-19T14:09:58.327651" level="INFO">Clicking button 'css:.orangehrm-login-button'.</msg>
<arg>css:.orangehrm-login-button</arg>
<doc>Clicks the button identified by ``locator``.</doc>
<status status="PASS" start="2025-05-19T14:09:58.327119" elapsed="1.145765"/>
</kw>
<arg>${blank_name}</arg>
<arg>${valid_pass}</arg>
<status status="PASS" start="2025-05-19T14:09:49.107219" elapsed="10.365967"/>
</kw>
<kw name="Verify the error msg is displayed for password" owner="LoginResources">
<kw name="Sleep" owner="BuiltIn">
<msg time="2025-05-19T14:10:04.475097" level="INFO">Slept 5 seconds.</msg>
<arg>5</arg>
<doc>Pauses the test executed for the given time.</doc>
<status status="PASS" start="2025-05-19T14:09:59.474501" elapsed="5.000815"/>
</kw>
<kw name="Element Text Should Be" owner="SeleniumLibrary">
<msg time="2025-05-19T14:10:04.476295" level="INFO">Verifying element 'xpath=(//div[@class='oxd-input-group oxd-input-field-bottom-space'])[2]/span' contains exact text 'Required'.</msg>
<msg time="2025-05-19T14:10:09.730196" level="INFO" html="true">&lt;/td&gt;&lt;/tr&gt;&lt;tr&gt;&lt;td colspan="3"&gt;&lt;a href="1-selenium-screenshot-1.png"&gt;&lt;img src="1-selenium-screenshot-1.png" width="800px"&gt;&lt;/a&gt;</msg>
<msg time="2025-05-19T14:10:09.730537" level="FAIL">Element with locator 'xpath=(//div[@class='oxd-input-group oxd-input-field-bottom-space'])[2]/span' not found.</msg>
<arg>${required_pass_msg}</arg>
<arg>Required</arg>
<doc>Verifies that element ``locator`` contains exact the text ``expected``.</doc>
<status status="FAIL" start="2025-05-19T14:10:04.475653" elapsed="5.258424">Element with locator 'xpath=(//div[@class='oxd-input-group oxd-input-field-bottom-space'])[2]/span' not found.</status>
</kw>
<status status="FAIL" start="2025-05-19T14:09:59.473701" elapsed="10.260704">Element with locator 'xpath=(//div[@class='oxd-input-group oxd-input-field-bottom-space'])[2]/span' not found.</status>
</kw>
<kw name="Close Browser Session" owner="GenericResources" type="TEARDOWN">
<kw name="Close Browser" owner="SeleniumLibrary">
<doc>Closes the current browser.</doc>
<status status="PASS" start="2025-05-19T14:10:09.735159" elapsed="2.188945"/>
</kw>
<status status="PASS" start="2025-05-19T14:10:09.734767" elapsed="2.189960"/>
</kw>
<status status="FAIL" start="2025-05-19T14:09:36.494959" elapsed="35.430144">Element with locator 'xpath=(//div[@class='oxd-input-group oxd-input-field-bottom-space'])[2]/span' not found.</status>
</test>
<test id="s1-t3" name="Validate Unsuccessful login for blank password" line="18">
<kw name="Open the Browser with the URL" owner="GenericResources" type="SETUP">
<kw name="Open Browser" owner="SeleniumLibrary">
<msg time="2025-05-19T14:09:36.534989" level="INFO">Opening browser 'chrome' to base url 'https://opensource-demo.orangehrmlive.com/web/index.php/auth/login'.</msg>
<arg>${url}</arg>
<arg>${browser_name}</arg>
<doc>Opens a new browser instance to the optional ``url``.</doc>
<status status="PASS" start="2025-05-19T14:09:36.534349" elapsed="10.798934"/>
</kw>
<kw name="Maximize Browser Window" owner="SeleniumLibrary">
<doc>Maximizes current browser window.</doc>
<status status="PASS" start="2025-05-19T14:09:47.333944" elapsed="1.892242"/>
</kw>
<kw name="Set Selenium Implicit Wait" owner="SeleniumLibrary">
<arg>5</arg>
<doc>Sets the implicit wait value used by Selenium.</doc>
<status status="PASS" start="2025-05-19T14:09:49.226605" elapsed="0.005767"/>
</kw>
<status status="PASS" start="2025-05-19T14:09:36.532809" elapsed="12.699864"/>
</kw>
<kw name="Fill the login form" owner="LoginResources">
<kw name="Input Text" owner="SeleniumLibrary">
<msg time="2025-05-19T14:09:49.235454" level="INFO">Typing text 'Admin' into text field 'css:input[name=username]'.</msg>
<arg>css:input[name=username]</arg>
<arg>${username}</arg>
<doc>Types the given ``text`` into the text field identified by ``locator``.</doc>
<status status="PASS" start="2025-05-19T14:09:49.234403" elapsed="3.731737"/>
</kw>
<kw name="Input Password" owner="SeleniumLibrary">
<msg time="2025-05-19T14:09:52.967611" level="INFO">Typing password into text field 'css:input[name=password]'.</msg>
<msg time="2025-05-19T14:09:53.197991" level="INFO">Temporally setting log level to: NONE</msg>
<arg>css:input[name=password]</arg>
<arg>${password}</arg>
<doc>Types the given password into the text field identified by ``locator``.</doc>
<status status="PASS" start="2025-05-19T14:09:52.966655" elapsed="0.365146"/>
</kw>
<kw name="Sleep" owner="BuiltIn">
<msg time="2025-05-19T14:09:58.334185" level="INFO">Slept 5 seconds.</msg>
<arg>5</arg>
<doc>Pauses the test executed for the given time.</doc>
<status status="PASS" start="2025-05-19T14:09:53.332261" elapsed="5.002352"/>
</kw>
<kw name="Click Button" owner="SeleniumLibrary">
<msg time="2025-05-19T14:09:58.335479" level="INFO">Clicking button 'css:.orangehrm-login-button'.</msg>
<arg>css:.orangehrm-login-button</arg>
<doc>Clicks the button identified by ``locator``.</doc>
<status status="PASS" start="2025-05-19T14:09:58.334981" elapsed="1.357555"/>
</kw>
<arg>${valid_uname}</arg>
<arg>${blank_pass}</arg>
<status status="PASS" start="2025-05-19T14:09:49.233269" elapsed="10.459572"/>
</kw>
<kw name="Verify the error msg is displayed for password" owner="LoginResources">
<kw name="Sleep" owner="BuiltIn">
<msg time="2025-05-19T14:10:04.696071" level="INFO">Slept 5 seconds.</msg>
<arg>5</arg>
<doc>Pauses the test executed for the given time.</doc>
<status status="PASS" start="2025-05-19T14:09:59.694500" elapsed="5.001802"/>
</kw>
<kw name="Element Text Should Be" owner="SeleniumLibrary">
<msg time="2025-05-19T14:10:04.697339" level="INFO">Verifying element 'xpath=(//div[@class='oxd-input-group oxd-input-field-bottom-space'])[2]/span' contains exact text 'Required'.</msg>
<arg>${required_pass_msg}</arg>
<arg>Required</arg>
<doc>Verifies that element ``locator`` contains exact the text ``expected``.</doc>
<status status="PASS" start="2025-05-19T14:10:04.696686" elapsed="0.073314"/>
</kw>
<status status="PASS" start="2025-05-19T14:09:59.693367" elapsed="5.076915"/>
</kw>
<kw name="Close Browser Session" owner="GenericResources" type="TEARDOWN">
<kw name="Close Browser" owner="SeleniumLibrary">
<doc>Closes the current browser.</doc>
<status status="PASS" start="2025-05-19T14:10:04.771727" elapsed="2.350589"/>
</kw>
<status status="PASS" start="2025-05-19T14:10:04.770841" elapsed="2.352089"/>
</kw>
<status status="PASS" start="2025-05-19T14:09:36.531420" elapsed="30.591906"/>
</test>
<test id="s1-t4" name="Validate successful login" line="22">
<kw name="Open the Browser with the URL" owner="GenericResources" type="SETUP">
<kw name="Open Browser" owner="SeleniumLibrary">
<msg time="2025-05-19T14:09:36.570122" level="INFO">Opening browser 'chrome' to base url 'https://opensource-demo.orangehrmlive.com/web/index.php/auth/login'.</msg>
<arg>${url}</arg>
<arg>${browser_name}</arg>
<doc>Opens a new browser instance to the optional ``url``.</doc>
<status status="PASS" start="2025-05-19T14:09:36.569455" elapsed="11.397601"/>
</kw>
<kw name="Maximize Browser Window" owner="SeleniumLibrary">
<doc>Maximizes current browser window.</doc>
<status status="PASS" start="2025-05-19T14:09:47.967538" elapsed="1.965304"/>
</kw>
<kw name="Set Selenium Implicit Wait" owner="SeleniumLibrary">
<arg>5</arg>
<doc>Sets the implicit wait value used by Selenium.</doc>
<status status="PASS" start="2025-05-19T14:09:49.933316" elapsed="0.216568"/>
</kw>
<status status="PASS" start="2025-05-19T14:09:36.567502" elapsed="13.582786"/>
</kw>
<kw name="Fill the login form" owner="LoginResources">
<kw name="Input Text" owner="SeleniumLibrary">
<msg time="2025-05-19T14:09:50.153464" level="INFO">Typing text 'Admin' into text field 'css:input[name=username]'.</msg>
<arg>css:input[name=username]</arg>
<arg>${username}</arg>
<doc>Types the given ``text`` into the text field identified by ``locator``.</doc>
<status status="PASS" start="2025-05-19T14:09:50.152234" elapsed="2.794972"/>
</kw>
<kw name="Input Password" owner="SeleniumLibrary">
<msg time="2025-05-19T14:09:52.948436" level="INFO">Typing password into text field 'css:input[name=password]'.</msg>
<msg time="2025-05-19T14:09:53.044555" level="INFO">Temporally setting log level to: NONE</msg>
<arg>css:input[name=password]</arg>
<arg>${password}</arg>
<doc>Types the given password into the text field identified by ``locator``.</doc>
<status status="PASS" start="2025-05-19T14:09:52.947664" elapsed="0.251339"/>
</kw>
<kw name="Sleep" owner="BuiltIn">
<msg time="2025-05-19T14:09:58.200674" level="INFO">Slept 5 seconds.</msg>
<arg>5</arg>
<doc>Pauses the test executed for the given time.</doc>
<status status="PASS" start="2025-05-19T14:09:53.199458" elapsed="5.001441"/>
</kw>
<kw name="Click Button" owner="SeleniumLibrary">
<msg time="2025-05-19T14:09:58.201811" level="INFO">Clicking button 'css:.orangehrm-login-button'.</msg>
<arg>css:.orangehrm-login-button</arg>
<doc>Clicks the button identified by ``locator``.</doc>
<status status="PASS" start="2025-05-19T14:09:58.201274" elapsed="1.476727"/>
</kw>
<arg>${valid_uname}</arg>
<arg>${valid_pass}</arg>
<status status="PASS" start="2025-05-19T14:09:50.150889" elapsed="9.527433"/>
</kw>
<kw name="verify Dashboard page opens" owner="DashboardResources">
<kw name="Element Text Should Be" owner="SeleniumLibrary">
<msg time="2025-05-19T14:09:59.680347" level="INFO">Verifying element 'xpath://span[@class="oxd-topbar-header-breadcrumb"]' contains exact text 'Dashboard'.</msg>
<arg>${dashboard_title}</arg>
<arg>Dashboard</arg>
<doc>Verifies that element ``locator`` contains exact the text ``expected``.</doc>
<status status="PASS" start="2025-05-19T14:09:59.679667" elapsed="2.559373"/>
</kw>
<status status="PASS" start="2025-05-19T14:09:59.678839" elapsed="2.560486"/>
</kw>
<kw name="Close Browser Session" owner="GenericResources" type="TEARDOWN">
<kw name="Close Browser" owner="SeleniumLibrary">
<doc>Closes the current browser.</doc>
<status status="PASS" start="2025-05-19T14:10:02.240649" elapsed="3.006294"/>
</kw>
<status status="PASS" start="2025-05-19T14:10:02.239941" elapsed="3.007971"/>
</kw>
<status status="PASS" start="2025-05-19T14:09:36.565375" elapsed="28.683217"/>
</test>
<doc>[https://pabot.org/?ref=log|Pabot] result from 4 executions.</doc>
<status status="FAIL" start="2025-05-19T14:09:35.801000" elapsed="36.135000"/>
</suite>
<statistics>
<total>
<stat pass="3" fail="1" skip="0">All Tests</stat>
</total>
<tag>
</tag>
<suite>
<stat name="LoginPageTest" id="s1" pass="3" fail="1" skip="0">LoginPageTest</stat>
</suite>
</statistics>
<errors>
</errors>
</robot>
