<?xml version="1.0" encoding="UTF-8"?>
<robot generator="Robot 7.2.2 (Python 3.13.3 on win32)" generated="2025-05-19T14:09:35.759914" rpa="false" schemaversion="5">
<suite id="s1" name="LoginPageTest" source="C:\Robot_Framework_basics\Page_Object_Model_RF\Testcases\LoginPageTest.robot">
<test id="s1-t1" name="Validate Unsuccessful login for blank username" line="14">
<kw name="Open the Browser with the URL" owner="GenericResources" type="SETUP">
<kw name="Open Browser" owner="SeleniumLibrary">
<msg time="2025-05-19T14:09:36.521636" level="INFO">Opening browser 'chrome' to base url 'https://opensource-demo.orangehrmlive.com/web/index.php/auth/login'.</msg>
<arg>${url}</arg>
<arg>${browser_name}</arg>
<doc>Opens a new browser instance to the optional ``url``.</doc>
<status status="PASS" start="2025-05-19T14:09:36.497885" elapsed="7.481701"/>
</kw>
<kw name="Maximize Browser Window" owner="SeleniumLibrary">
<doc>Maximizes current browser window.</doc>
<status status="PASS" start="2025-05-19T14:09:43.980607" elapsed="5.064824"/>
</kw>
<kw name="Set Selenium Implicit Wait" owner="SeleniumLibrary">
<arg>5</arg>
<doc>Sets the implicit wait value used by Selenium.</doc>
<status status="PASS" start="2025-05-19T14:09:49.045836" elapsed="0.060183"/>
</kw>
<status status="PASS" start="2025-05-19T14:09:36.496204" elapsed="12.610224"/>
</kw>
<kw name="Fill the login form" owner="LoginResources">
<kw name="Input Text" owner="SeleniumLibrary">
<msg time="2025-05-19T14:09:49.110170" level="INFO">Typing text '' into text field 'css:input[name=username]'.</msg>
<arg>css:input[name=username]</arg>
<arg>${username}</arg>
<doc>Types the given ``text`` into the text field identified by ``locator``.</doc>
<status status="PASS" start="2025-05-19T14:09:49.108780" elapsed="3.497654"/>
</kw>
<kw name="Input Password" owner="SeleniumLibrary">
<msg time="2025-05-19T14:09:52.611271" level="INFO">Typing password into text field 'css:input[name=password]'.</msg>
<msg time="2025-05-19T14:09:53.123819" level="INFO">Temporally setting log level to: NONE</msg>
<arg>css:input[name=password]</arg>
<arg>${password}</arg>
<doc>Types the given password into the text field identified by ``locator``.</doc>
<status status="PASS" start="2025-05-19T14:09:52.608371" elapsed="0.716517"/>
</kw>
<kw name="Sleep" owner="BuiltIn">
<msg time="2025-05-19T14:09:58.326466" level="INFO">Slept 5 seconds.</msg>
<arg>5</arg>
<doc>Pauses the test executed for the given time.</doc>
<status status="PASS" start="2025-05-19T14:09:53.325240" elapsed="5.001464"/>
</kw>
<kw name="Click Button" owner="SeleniumLibrary">
<msg time="2025-05-19T14:09:58.327651" level="INFO">Clicking button 'css:.orangehrm-login-button'.</msg>
<arg>css:.orangehrm-login-button</arg>
<doc>Clicks the button identified by ``locator``.</doc>
<status status="PASS" start="2025-05-19T14:09:58.327119" elapsed="1.145765"/>
</kw>
<arg>${blank_name}</arg>
<arg>${valid_pass}</arg>
<status status="PASS" start="2025-05-19T14:09:49.107219" elapsed="10.365967"/>
</kw>
<kw name="Verify the error msg is displayed for password" owner="LoginResources">
<kw name="Sleep" owner="BuiltIn">
<msg time="2025-05-19T14:10:04.475097" level="INFO">Slept 5 seconds.</msg>
<arg>5</arg>
<doc>Pauses the test executed for the given time.</doc>
<status status="PASS" start="2025-05-19T14:09:59.474501" elapsed="5.000815"/>
</kw>
<kw name="Element Text Should Be" owner="SeleniumLibrary">
<msg time="2025-05-19T14:10:04.476295" level="INFO">Verifying element 'xpath=(//div[@class='oxd-input-group oxd-input-field-bottom-space'])[2]/span' contains exact text 'Required'.</msg>
<msg time="2025-05-19T14:10:09.730196" level="INFO" html="true">&lt;/td&gt;&lt;/tr&gt;&lt;tr&gt;&lt;td colspan="3"&gt;&lt;a href="selenium-screenshot-1.png"&gt;&lt;img src="selenium-screenshot-1.png" width="800px"&gt;&lt;/a&gt;</msg>
<msg time="2025-05-19T14:10:09.730537" level="FAIL">Element with locator 'xpath=(//div[@class='oxd-input-group oxd-input-field-bottom-space'])[2]/span' not found.</msg>
<arg>${required_pass_msg}</arg>
<arg>Required</arg>
<doc>Verifies that element ``locator`` contains exact the text ``expected``.</doc>
<status status="FAIL" start="2025-05-19T14:10:04.475653" elapsed="5.258424">Element with locator 'xpath=(//div[@class='oxd-input-group oxd-input-field-bottom-space'])[2]/span' not found.</status>
</kw>
<status status="FAIL" start="2025-05-19T14:09:59.473701" elapsed="10.260704">Element with locator 'xpath=(//div[@class='oxd-input-group oxd-input-field-bottom-space'])[2]/span' not found.</status>
</kw>
<kw name="Close Browser Session" owner="GenericResources" type="TEARDOWN">
<kw name="Close Browser" owner="SeleniumLibrary">
<doc>Closes the current browser.</doc>
<status status="PASS" start="2025-05-19T14:10:09.735159" elapsed="2.188945"/>
</kw>
<status status="PASS" start="2025-05-19T14:10:09.734767" elapsed="2.189960"/>
</kw>
<status status="FAIL" start="2025-05-19T14:09:36.494959" elapsed="35.430144">Element with locator 'xpath=(//div[@class='oxd-input-group oxd-input-field-bottom-space'])[2]/span' not found.</status>
</test>
<status status="FAIL" start="2025-05-19T14:09:35.801311" elapsed="36.135227"/>
</suite>
<statistics>
<total>
<stat pass="0" fail="1" skip="0">All Tests</stat>
</total>
<tag>
</tag>
<suite>
<stat name="LoginPageTest" id="s1" pass="0" fail="1" skip="0">LoginPageTest</stat>
</suite>
</statistics>
<errors>
</errors>
</robot>
