<?xml version="1.0" encoding="UTF-8"?>
<robot generator="Robot 7.2.2 (Python 3.13.3 on win32)" generated="2025-05-19T10:40:02.991803" rpa="false" schemaversion="5">
<suite id="s1" name="Robot framework demo" source="C:\Robot_Framework_basics\Robot_framework_demo">
<suite id="s1-s1" name="Tests" source="C:\Robot_Framework_basics\Robot_framework_demo\Tests">
<suite id="s1-s1-s1" name="Test DragDrop" source="C:\Robot_Framework_basics\Robot_framework_demo\Tests\Test_DragDrop.robot">
<test id="s1-s1-s1-t1" name="Verify that the user can drag and drop the elements" line="6">
<kw name="Open the Browser with the URL">
<kw name="Open Browser" owner="SeleniumLibrary">
<msg time="2025-05-19T10:40:03.407002" level="INFO">Opening browser 'chrome' to base url 'None'.</msg>
<arg>browser=chrome</arg>
<doc>Opens a new browser instance to the optional ``url``.</doc>
<status status="PASS" start="2025-05-19T10:40:03.406408" elapsed="1.940068"/>
</kw>
<kw name="Go To" owner="SeleniumLibrary">
<msg time="2025-05-19T10:40:05.347816" level="INFO">Opening url 'https://demoqa.com/droppable'</msg>
<arg>url=https://demoqa.com/droppable</arg>
<doc>Navigates the current browser window to the provided ``url``.</doc>
<status status="PASS" start="2025-05-19T10:40:05.347065" elapsed="10.184368"/>
</kw>
<kw name="Maximize Browser Window" owner="SeleniumLibrary">
<doc>Maximizes current browser window.</doc>
<status status="PASS" start="2025-05-19T10:40:15.531921" elapsed="0.089949"/>
</kw>
<kw name="Set Selenium Implicit Wait" owner="SeleniumLibrary">
<arg>5</arg>
<doc>Sets the implicit wait value used by Selenium.</doc>
<status status="PASS" start="2025-05-19T10:40:15.622284" elapsed="0.002816"/>
</kw>
<status status="PASS" start="2025-05-19T10:40:03.404524" elapsed="12.221012"/>
</kw>
<kw name="Verify the element text before drag">
<kw name="Element Text Should Be" owner="SeleniumLibrary">
<msg time="2025-05-19T10:40:15.632435" level="INFO">Verifying element 'id=droppable' contains exact text 'Drop here'.</msg>
<arg>id=droppable</arg>
<arg>Drop here</arg>
<doc>Verifies that element ``locator`` contains exact the text ``expected``.</doc>
<status status="PASS" start="2025-05-19T10:40:15.627959" elapsed="0.080330"/>
</kw>
<status status="PASS" start="2025-05-19T10:40:15.626233" elapsed="0.082454"/>
</kw>
<kw name=" Drag And Drop the element">
<kw name="Drag And Drop" owner="SeleniumLibrary">
<arg>id:draggable</arg>
<arg>id:droppable</arg>
<doc>Drags the element identified by ``locator`` into the ``target`` element.</doc>
<status status="PASS" start="2025-05-19T10:40:15.716052" elapsed="3.876459"/>
</kw>
<kw name="Sleep" owner="BuiltIn">
<msg time="2025-05-19T10:40:24.594970" level="INFO">Slept 5 seconds.</msg>
<arg>5</arg>
<doc>Pauses the test executed for the given time.</doc>
<status status="PASS" start="2025-05-19T10:40:19.593249" elapsed="5.002372"/>
</kw>
<status status="PASS" start="2025-05-19T10:40:15.709826" elapsed="8.886658"/>
</kw>
<kw name=" Verify the element text before drop">
<kw name="Element Text Should Be" owner="SeleniumLibrary">
<msg time="2025-05-19T10:40:24.622942" level="INFO">Verifying element 'id=droppable' contains exact text 'Dropped!'.</msg>
<msg time="2025-05-19T10:40:25.179166" level="INFO" html="true">&lt;/td&gt;&lt;/tr&gt;&lt;tr&gt;&lt;td colspan="3"&gt;&lt;a href="selenium-screenshot-37.png"&gt;&lt;img src="selenium-screenshot-37.png" width="800px"&gt;&lt;/a&gt;</msg>
<msg time="2025-05-19T10:40:25.179868" level="FAIL">The text of element 'id=droppable' should have been 'Dropped!' but it was 'Drop here'.</msg>
<arg>id=droppable</arg>
<arg>Dropped!</arg>
<doc>Verifies that element ``locator`` contains exact the text ``expected``.</doc>
<status status="FAIL" start="2025-05-19T10:40:24.613952" elapsed="0.573905">The text of element 'id=droppable' should have been 'Dropped!' but it was 'Drop here'.</status>
</kw>
<status status="FAIL" start="2025-05-19T10:40:24.609932" elapsed="0.578731">The text of element 'id=droppable' should have been 'Dropped!' but it was 'Drop here'.</status>
</kw>
<kw name="Close Browser" owner="SeleniumLibrary" type="TEARDOWN">
<doc>Closes the current browser.</doc>
<status status="PASS" start="2025-05-19T10:40:25.193973" elapsed="3.018590"/>
</kw>
<status status="FAIL" start="2025-05-19T10:40:03.402183" elapsed="24.811498">The text of element 'id=droppable' should have been 'Dropped!' but it was 'Drop here'.</status>
</test>
<status status="FAIL" start="2025-05-19T10:40:03.035083" elapsed="25.185266"/>
</suite>
<status status="FAIL" start="2025-05-19T10:40:03.029865" elapsed="25.202553"/>
</suite>
<status status="FAIL" start="2025-05-19T10:40:02.998679" elapsed="25.245227"/>
</suite>
<statistics>
<total>
<stat pass="0" fail="1" skip="0">All Tests</stat>
</total>
<tag>
</tag>
<suite>
<stat name="Robot framework demo" id="s1" pass="0" fail="1" skip="0">Robot framework demo</stat>
<stat name="Tests" id="s1-s1" pass="0" fail="1" skip="0">Robot framework demo.Tests</stat>
<stat name="Test DragDrop" id="s1-s1-s1" pass="0" fail="1" skip="0">Robot framework demo.Tests.Test DragDrop</stat>
</suite>
</statistics>
<errors>
</errors>
</robot>
