<?xml version="1.0" encoding="UTF-8"?>
<robot generator="Robot 7.2.2 (Python 3.13.3 on win32)" generated="2025-05-16T16:31:26.694578" rpa="false" schemaversion="5">
<suite id="s1" name="Robot framework demo" source="C:\Robot_Framework_basics\Robot_framework_demo">
<suite id="s1-s1" name="Tests" source="C:\Robot_Framework_basics\Robot_framework_demo\Tests">
<suite id="s1-s1-s1" name="Test Alert" source="C:\Robot_Framework_basics\Robot_framework_demo\Tests\Test_Alert.robot">
<test id="s1-s1-s1-t1" name="Handle All Alerts" line="6">
<kw name="Open the Browser with the URL">
<kw name="Open Browser" owner="SeleniumLibrary">
<msg time="2025-05-16T16:31:27.125404" level="INFO">Opening browser 'chrome' to base url 'https://demo.automationtesting.in/Alerts.html'.</msg>
<arg>https://demo.automationtesting.in/Alerts.html</arg>
<arg>chrome</arg>
<doc>Opens a new browser instance to the optional ``url``.</doc>
<status status="PASS" start="2025-05-16T16:31:27.124833" elapsed="2.993083"/>
</kw>
<kw name="Maximize Browser Window" owner="SeleniumLibrary">
<doc>Maximizes current browser window.</doc>
<status status="PASS" start="2025-05-16T16:31:30.121104" elapsed="1.523970"/>
</kw>
<kw name="Set Selenium Implicit Wait" owner="SeleniumLibrary">
<arg>5</arg>
<doc>Sets the implicit wait value used by Selenium.</doc>
<status status="PASS" start="2025-05-16T16:31:31.646975" elapsed="0.014680"/>
</kw>
<status status="PASS" start="2025-05-16T16:31:27.123197" elapsed="4.540371"/>
</kw>
<kw name="Handle Simple Alert">
<kw name="Click Element" owner="SeleniumLibrary">
<msg time="2025-05-16T16:31:31.686099" level="INFO">Clicking element '(//a[@class="analystic"])[1]'.</msg>
<arg>(//a[@class="analystic"])[1]</arg>
<doc>Click the element identified by ``locator``.</doc>
<status status="PASS" start="2025-05-16T16:31:31.682513" elapsed="0.363006"/>
</kw>
<kw name="Click Element" owner="SeleniumLibrary">
<msg time="2025-05-16T16:31:32.046922" level="INFO">Clicking element '//button[@class="btn btn-danger"]'.</msg>
<arg>//button[@class="btn btn-danger"]</arg>
<doc>Click the element identified by ``locator``.</doc>
<status status="PASS" start="2025-05-16T16:31:32.046073" elapsed="0.218259"/>
</kw>
<kw name="Handle Alert" owner="SeleniumLibrary">
<msg time="2025-05-16T16:31:32.265474" level="INFO">HANDLE::&lt;class 'NoneType'&gt;::None</msg>
<msg time="2025-05-16T16:31:32.275890" level="INFO">${message} = I am an alert box!</msg>
<var>${message}</var>
<doc>Handles the current alert and returns its message.</doc>
<status status="PASS" start="2025-05-16T16:31:32.264852" elapsed="0.011409"/>
</kw>
<kw name="Log To Console" owner="BuiltIn">
<arg>Simple Alert Text: ${message}</arg>
<doc>Logs the given message to the console.</doc>
<status status="PASS" start="2025-05-16T16:31:32.276874" elapsed="0.006618"/>
</kw>
<status status="PASS" start="2025-05-16T16:31:31.677479" elapsed="0.607540"/>
</kw>
<kw name="Handle Confirm Alert">
<kw name="Click Element" owner="SeleniumLibrary">
<msg time="2025-05-16T16:31:32.289374" level="INFO">Clicking element '(//a[@class="analystic"])[2]'.</msg>
<arg>(//a[@class="analystic"])[2]</arg>
<doc>Click the element identified by ``locator``.</doc>
<status status="PASS" start="2025-05-16T16:31:32.288385" elapsed="0.283737"/>
</kw>
<kw name="Click Element" owner="SeleniumLibrary">
<msg time="2025-05-16T16:31:32.573554" level="INFO">Clicking element '//button[@class="btn btn-primary"]'.</msg>
<arg>//button[@class="btn btn-primary"]</arg>
<doc>Click the element identified by ``locator``.</doc>
<status status="PASS" start="2025-05-16T16:31:32.572592" elapsed="0.179404"/>
</kw>
<kw name="Handle Alert" owner="SeleniumLibrary">
<msg time="2025-05-16T16:31:32.753076" level="INFO">HANDLE::&lt;class 'NoneType'&gt;::None</msg>
<msg time="2025-05-16T16:31:32.762524" level="INFO">${message} = Press a Button !</msg>
<var>${message}</var>
<doc>Handles the current alert and returns its message.</doc>
<status status="PASS" start="2025-05-16T16:31:32.752482" elapsed="0.010403"/>
</kw>
<kw name="Log To Console" owner="BuiltIn">
<arg>Confirm Alert Text: ${message}</arg>
<doc>Logs the given message to the console.</doc>
<status status="PASS" start="2025-05-16T16:31:32.763393" elapsed="0.002632"/>
</kw>
<status status="PASS" start="2025-05-16T16:31:32.287316" elapsed="0.479133"/>
</kw>
<kw name="Handle Prompt Alert">
<kw name="Click Element" owner="SeleniumLibrary">
<msg time="2025-05-16T16:31:32.768970" level="INFO">Clicking element '(//a[@class="analystic"])[3]'.</msg>
<arg>(//a[@class="analystic"])[3]</arg>
<doc>Click the element identified by ``locator``.</doc>
<status status="PASS" start="2025-05-16T16:31:32.768212" elapsed="0.160813"/>
</kw>
<kw name="Sleep" owner="BuiltIn">
<msg time="2025-05-16T16:31:35.931384" level="INFO">Slept 3 seconds.</msg>
<arg>time_=3s</arg>
<doc>Pauses the test executed for the given time.</doc>
<status status="PASS" start="2025-05-16T16:31:32.929748" elapsed="3.002563"/>
</kw>
<kw name="Click Element" owner="SeleniumLibrary">
<msg time="2025-05-16T16:31:35.935028" level="INFO">Clicking element '//button[@class="btn btn-info"]'.</msg>
<arg>//button[@class="btn btn-info"]</arg>
<doc>Click the element identified by ``locator``.</doc>
<status status="PASS" start="2025-05-16T16:31:35.933217" elapsed="0.253890"/>
</kw>
<kw name="Sleep" owner="BuiltIn">
<msg time="2025-05-16T16:31:39.189524" level="INFO">Slept 3 seconds.</msg>
<arg>time_=3s</arg>
<doc>Pauses the test executed for the given time.</doc>
<status status="PASS" start="2025-05-16T16:31:36.187887" elapsed="3.002221"/>
</kw>
<kw name="Input Text Into Alert" owner="SeleniumLibrary">
<arg>Laksitha</arg>
<doc>Types the given ``text`` into an input field in an alert.</doc>
<status status="PASS" start="2025-05-16T16:31:39.190555" elapsed="0.011093"/>
</kw>
<kw name="Sleep" owner="BuiltIn">
<msg time="2025-05-16T16:31:44.204144" level="INFO">Slept 5 seconds.</msg>
<arg>time_=5s</arg>
<doc>Pauses the test executed for the given time.</doc>
<status status="PASS" start="2025-05-16T16:31:39.202294" elapsed="5.002759"/>
</kw>
<kw name="Handle Alert" owner="SeleniumLibrary">
<msg time="2025-05-16T16:31:44.206887" level="INFO">HANDLE::&lt;class 'NoneType'&gt;::None</msg>
<msg time="2025-05-16T16:31:49.471814" level="INFO" html="true">&lt;/td&gt;&lt;/tr&gt;&lt;tr&gt;&lt;td colspan="3"&gt;&lt;a href="selenium-screenshot-29.png"&gt;&lt;img src="selenium-screenshot-29.png" width="800px"&gt;&lt;/a&gt;</msg>
<msg time="2025-05-16T16:31:49.472841" level="FAIL">Alert not found in 5 seconds.</msg>
<var>${message}</var>
<doc>Handles the current alert and returns its message.</doc>
<status status="FAIL" start="2025-05-16T16:31:44.205750" elapsed="5.276868">Alert not found in 5 seconds.</status>
</kw>
<kw name="Page Should Contain" owner="SeleniumLibrary">
<arg>Laksitha</arg>
<doc>Verifies that current page contains ``text``.</doc>
<status status="NOT RUN" start="2025-05-16T16:31:49.483314" elapsed="0.000595"/>
</kw>
<status status="FAIL" start="2025-05-16T16:31:32.767235" elapsed="16.717111">Alert not found in 5 seconds.</status>
</kw>
<kw name="Close Browser" owner="SeleniumLibrary" type="TEARDOWN">
<doc>Closes the current browser.</doc>
<status status="PASS" start="2025-05-16T16:31:49.485659" elapsed="2.437655"/>
</kw>
<status status="FAIL" start="2025-05-16T16:31:27.120246" elapsed="24.804985">Alert not found in 5 seconds.</status>
</test>
<status status="FAIL" start="2025-05-16T16:31:26.734856" elapsed="25.198999"/>
</suite>
<status status="FAIL" start="2025-05-16T16:31:26.729720" elapsed="25.220459"/>
</suite>
<status status="FAIL" start="2025-05-16T16:31:26.702202" elapsed="25.259971"/>
</suite>
<statistics>
<total>
<stat pass="0" fail="1" skip="0">All Tests</stat>
</total>
<tag>
</tag>
<suite>
<stat name="Robot framework demo" id="s1" pass="0" fail="1" skip="0">Robot framework demo</stat>
<stat name="Tests" id="s1-s1" pass="0" fail="1" skip="0">Robot framework demo.Tests</stat>
<stat name="Test Alert" id="s1-s1-s1" pass="0" fail="1" skip="0">Robot framework demo.Tests.Test Alert</stat>
</suite>
</statistics>
<errors>
</errors>
</robot>
